D:\ARDEMO\ARASSDEMO 1.1\ARASSDEMO\DEBUG\ARASSDEMO1.1.EXE.EMBED.MANIFEST
D:\ARDEMO\ARASSDEMO 1.1\ARASSDEMO\DEBUG\ARASSDEMO1.1.EXE.EMBED.MANIFEST.RES
D:\ARDEMO\ARASSDEMO 1.1\ARASSDEMO\DEBUG\ARASSDEMO1.1.EXE.INTERMEDIATE.MANIFEST
D:\ARdemo\arassDEMO 1.1\arassDEMO\Debug\arassDEMO1.1_manifest.rc
D:\ARDEMO\ARASSDEMO 1.1\ARASSDEMO\DEBUG\CANIMDATA.OBJ
D:\ARDEMO\ARASSDEMO 1.1\ARASSDEMO\DEBUG\CASSINSTRUCT.OBJ
D:\ARdemo\arassDEMO 1.1\arassDEMO\Debug\cl.command.1.tlog
D:\ARdemo\arassDEMO 1.1\arassDEMO\Debug\CL.read.1.tlog
D:\ARdemo\arassDEMO 1.1\arassDEMO\Debug\CL.write.1.tlog
D:\ARDEMO\ARASSDEMO 1.1\ARASSDEMO\DEBUG\CPARTDATA.OBJ
D:\ARdemo\arassDEMO 1.1\arassDEMO\Debug\link.5068.read.1.tlog
D:\ARdemo\arassDEMO 1.1\arassDEMO\Debug\link.5068.write.1.tlog
D:\ARdemo\arassDEMO 1.1\arassDEMO\Debug\link.5068-cvtres.read.1.tlog
D:\ARdemo\arassDEMO 1.1\arassDEMO\Debug\link.5068-cvtres.write.1.tlog
D:\ARdemo\arassDEMO 1.1\arassDEMO\Debug\link.command.1.tlog
D:\ARdemo\arassDEMO 1.1\arassDEMO\Debug\link.read.1.tlog
D:\ARdemo\arassDEMO 1.1\arassDEMO\Debug\link.write.1.tlog
D:\ARdemo\arassDEMO 1.1\arassDEMO\Debug\link-cvtres.read.1.tlog
D:\ARdemo\arassDEMO 1.1\arassDEMO\Debug\link-cvtres.write.1.tlog
D:\ARDEMO\ARASSDEMO 1.1\ARASSDEMO\DEBUG\MAIN.OBJ
D:\ARdemo\arassDEMO 1.1\arassDEMO\Debug\mt.command.1.tlog
D:\ARdemo\arassDEMO 1.1\arassDEMO\Debug\mt.read.1.tlog
D:\ARdemo\arassDEMO 1.1\arassDEMO\Debug\mt.write.1.tlog
D:\ARdemo\arassDEMO 1.1\arassDEMO\Debug\rc.command.1.tlog
D:\ARdemo\arassDEMO 1.1\arassDEMO\Debug\rc.read.1.tlog
D:\ARdemo\arassDEMO 1.1\arassDEMO\Debug\rc.write.1.tlog
D:\ARdemo\arassDEMO 1.1\arassDEMO\Debug\vc100.idb
D:\ARDEMO\ARASSDEMO 1.1\ARASSDEMO\DEBUG\VC100.PDB
D:\ARDEMO\ARASSDEMO 1.1\DEBUG\ARASSDEMO1.1.EXE
D:\ARDEMO\ARASSDEMO 1.1\DEBUG\ARASSDEMO1.1.ILK
D:\ARDEMO\ARASSDEMO 1.1\DEBUG\ARASSDEMO1.1.PDB
